found controller: Xbox Series X Controller
found controller: Xbox Series X Controller
found controller: Xbox Series X Controller
found controller: Xbox Series X Controller
found controller: Xbox Series X Controller
found controller: Xbox Series X Controller
found controller: Xbox Series X Controller
storing action - change prop [background_color]
storing action - change prop [transparent_color]
storing action - change prop [background_color]
storing action - change prop [background_color]
setting up texturing mode
storing action - change texture
workshop.txt written
saving settings
setting up modeling mode
storing action - move vertices
storing action - move vertices
storing action - move vertices
storing action - move vertices
storing action - move vertices
storing action - move vertices
storing action - move vertices
storing action - move vertices
storing action - move vertices
storing action - move vertices
storing action - move vertices
storing action - move vertices
storing action - move vertices
setting up export mode
setting up modeling mode
storing action - move vertices
storing action - move vertices
storing action - move vertices
storing action - move vertices
storing action - move vertices
storing action - move vertices
storing action - move vertices
storing action - move vertices
storing action - move vertices
setting up export mode
exporting to workshop.gif
 size 128, speed 5, scale 3
gif: recording started, workshop.gif
gif: recording stopped
opening folder: /Users/pedrovictor/Library/Application Support/picocad2/
gif: finished writing to disk, 150 frames written
 in 5.3054037916663 seconds
setting up modeling mode
loading texture: .picocad/default_texture.png
setting default export settings
storing action - add node [hex.prism]
storing action - move vertices
undo action - move vertices
storing action - move vertices
storing action - move vertices
storing action - move vertices
storing action - move vertices
storing action - move vertices
storing action - move vertices
storing action - move vertices
storing action - move vertices
storing action - move vertices
storing action - move vertices
storing action - move vertices
storing action - move vertices
storing action - move vertices
storing action - move vertices
storing action - move vertices
storing action - move vertices
storing action - move vertices
storing action - move vertices
storing action - move vertices
storing action - move vertices
storing action - move vertices
storing action - move vertices
storing action - move vertices
storing action - move vertices
storing action - move vertices
storing action - move vertices
storing action - move vertices
storing action - duplicate mesh
storing action - move node
storing action - scale mesh
storing action - duplicate mesh
storing action - move node
storing action - scale mesh
storing action - move node
saving backup
/backups/20260506_092835_unnamed_10.txt written
storing action - scale mesh
storing action - move node
storing action - move node
storing action - duplicate mesh
storing action - move node
storing action - scale mesh
storing action - move node
storing action - move vertices
storing action - move vertices
storing action - move vertices
storing action - move vertices
storing action - move vertices
storing action - move vertices
storing action - move vertices
storing action - move vertices
undo action - move vertices
storing action - rotate mesh
setting up texturing mode
storing action - change texture
storing action - change texture
storing action - change texture
storing action - change texture
setting up modeling mode
storing action - rotate mesh
storing action - rotate mesh
undo action - rotate mesh
undo action - rotate mesh
storing action - move vertices
storing action - move vertices
storing action - move vertices
storing action - move vertices
storing action - move vertices
storing action - move vertices
storing action - move node
storing action - move vertices
storing action - move vertices
storing action - move vertices
storing action - move vertices
storing action - move vertices
storing action - move vertices
storing action - move vertices
storing action - move vertices
storing action - move vertices
storing action - move vertices
storing action - move vertices
storing action - move vertices
storing action - move vertices
storing action - move vertices
storing action - move vertices
storing action - move vertices
storing action - move vertices
storing action - move vertices
storing action - move vertices
storing action - move vertices
storing action - move vertices
storing action - move vertices
storing action - move vertices
storing action - move vertices
storing action - move vertices
storing action - move node
storing action - delete mesh
storing action - duplicate mesh
storing action - move node
storing action - scale mesh
storing action - move vertices
storing action - move vertices
storing action - move vertices
storing action - move vertices
storing action - move vertices
storing action - move node
storing action - scale mesh
storing action - move node
storing action - move node
storing action - move node
storing action - scale mesh
storing action - move node
storing action - move vertices
storing action - move vertices
storing action - rotate mesh
storing action - move node
storing action - rotate mesh
storing action - move node
undo action - move node
undo action - rotate mesh
setting up modeling mode
setting up texturing mode
setting up modeling mode
storing action - move vertices
storing action - move vertices
storing action - move vertices
storing action - move vertices
storing action - move vertices
storing action - rotate mesh
storing action - rotate mesh
storing action - move node
storing action - rotate mesh
storing action - move node
storing action - duplicate mesh
storing action - rotate mesh
storing action - move node
storing action - duplicate mesh
storing action - move node
unnamed_10.txt written
saving settings
exporting model to gltf
 writing unnamed_10.bin
 writing unnamed_10.gltf
exporting png: unnamed_10.png
opening folder: /Users/pedrovictor/Library/Application Support/picocad2/
found controller: Xbox Series X Controller
found controller: Xbox Series X Controller
found controller: Xbox Series X Controller
found controller: Xbox Series X Controller
found controller: Xbox Series X Controller
loading texture: .picocad/default_texture.png
setting default export settings
storing action - add node [cube]
storing action - move vertices
storing action - move vertices
storing action - move vertices
setting up texturing mode
storing action - change texture
storing action - change texture
storing action - change texture
storing action - change texture
storing action - change texture
storing action - change texture
storing action - change texture
storing action - change texture
storing action - change texture
storing action - change texture
storing action - change texture
storing action - change texture
storing action - change texture
storing action - change texture
storing action - change texture
undo action - change texture
storing action - change texture
storing action - change texture
storing action - change texture
storing action - change texture
saving backup
/backups/20260506_112802_unnamed_10.txt written
storing action - change texture
storing action - change texture
storing action - change texture
storing action - change texture
storing action - change texture
unnamed_10.txt written
saving settings
exporting model to gltf
 writing unnamed_10.bin
 writing unnamed_10.gltf
exporting png: unnamed_10.png
opening folder: /Users/pedrovictor/Library/Application Support/picocad2/
project loaded: unnamed_3.txt
saving settings
setting up modeling mode
saving settings
project loaded: unnamed_4.txt
saving settings
setting up modeling mode
saving settings
project loaded: unnamed_2.txt
saving settings
setting up modeling mode
saving settings
saving settings
saving settings
Dead-Tree.txt written
saving settings
storing action - move vertices
storing action - move vertices
storing action - move vertices
storing action - move vertices
storing action - move vertices
storing action - move vertices
storing action - move vertices
storing action - move vertices
storing action - move vertices
storing action - move vertices
storing action - move vertices
storing action - move vertices
storing action - move vertices
storing action - move vertices
storing action - move vertices
storing action - move vertices
storing action - move vertices
storing action - move vertices
storing action - move vertices
storing action - move vertices
storing action - move vertices
setting up texturing mode
storing action - move uvs
storing action - move uvs
storing action - move uvs
storing action - move uvs
storing action - move uvs
storing action - move uvs
storing action - move uvs
storing action - move uvs
storing action - move uvs
setting up modeling mode
storing action - move vertices
storing action - move vertices
storing action - move vertices
storing action - move vertices
storing action - move vertices
storing action - move vertices
storing action - move vertices
storing action - move vertices
storing action - move vertices
storing action - move vertices
storing action - move vertices
storing action - move vertices
storing action - move vertices
storing action - move vertices
storing action - move vertices
storing action - move vertices
storing action - move vertices
storing action - move vertices
storing action - move vertices
storing action - move vertices
storing action - move vertices
storing action - move vertices
storing action - move vertices
storing action - move vertices
storing action - move vertices
storing action - move vertices
storing action - move vertices
storing action - move vertices
storing action - move vertices
storing action - move vertices
storing action - move vertices
storing action - move vertices
storing action - move vertices
storing action - move vertices
storing action - move vertices
storing action - move vertices
storing action - move vertices
exporting model to gltf
 writing Dead-Tree.bin
 writing Dead-Tree.gltf
exporting png: Dead-Tree.png
opening folder: /Users/pedrovictor/Library/Application Support/picocad2/
Dead-Tree.txt written
saving settings
project loaded: unnamed_10.txt
saving settings
setting up modeling mode
saving settings
saving settings
Box.txt written
saving settings
setting up texturing mode
storing action - change texture
storing action - change texture
storing action - change texture
undo action - change texture
storing action - change texture
storing action - change texture
storing action - change texture
storing action - change texture
storing action - change texture
storing action - change texture
storing action - change texture
Box.txt written
saving settings
storing action - change texture
storing action - change texture
storing action - change texture
storing action - change texture
storing action - change texture
storing action - change texture
storing action - change texture
storing action - change texture
storing action - change texture
undo action - change texture
storing action - change texture
undo action - change texture
storing action - change texture
storing action - change texture
undo action - change texture
storing action - change texture
storing action - change texture
storing action - change texture
storing action - change texture
storing action - change texture
storing action - change texture
storing action - change texture
storing action - change texture
storing action - change texture
storing action - change texture
undo action - change texture
undo action - change texture
storing action - change texture
storing action - change texture
storing action - change texture
storing action - change texture
storing action - change texture
storing action - change texture
storing action - change texture
storing action - change texture
storing action - change texture
storing action - change texture
storing action - change texture
storing action - change texture
storing action - change texture
storing action - change texture
storing action - change texture
storing action - change texture
storing action - change texture
storing action - change texture
storing action - change texture
storing action - change texture
storing action - change texture
storing action - change texture
setting up modeling mode
setting up texturing mode
storing action - change texture
storing action - change texture
storing action - change texture
storing action - change texture
storing action - change texture
storing action - change texture
storing action - change texture
storing action - change texture
storing action - change texture
storing action - change texture
undo action - change texture
storing action - change texture
storing action - change texture
storing action - change texture
storing action - change texture
storing action - change texture
storing action - change texture
storing action - change texture
storing action - change texture
storing action - change texture
storing action - change texture
storing action - change texture
storing action - change texture
storing action - change texture
storing action - change texture
storing action - change texture
storing action - change texture
storing action - change texture
storing action - change texture
storing action - change texture
storing action - change texture
storing action - change texture
storing action - change texture
storing action - change texture
storing action - change texture
storing action - change texture
storing action - change texture
storing action - change texture
storing action - change texture
storing action - change texture
storing action - change texture
storing action - change texture
storing action - change texture
undo action - change texture
storing action - change texture
storing action - change texture
storing action - change texture
storing action - change texture
undo action - change texture
storing action - change texture
storing action - change texture
storing action - change texture
storing action - change texture
storing action - change texture
storing action - change texture
storing action - change texture
storing action - change texture
undo action - change texture
storing action - change texture
storing action - change texture
storing action - change texture
storing action - change texture
storing action - change texture
saving backup
/backups/20260506_121852_Box.txt written
storing action - change texture
storing action - change texture
storing action - change texture
storing action - change texture
storing action - change texture
storing action - change texture
storing action - change texture
storing action - change texture
storing action - change texture
storing action - change texture
undo action - change texture
storing action - change texture
undo action - change texture
undo action - change texture
Box.txt written
saving settings
exporting model to gltf
 writing Box.bin
 writing Box.gltf
exporting png: Box.png
opening folder: /Users/pedrovictor/Library/Application Support/picocad2/
storing action - change texture
storing action - change texture
storing action - change texture
storing action - change texture
storing action - change texture
storing action - change texture
storing action - change texture
storing action - change texture
storing action - change texture
undo action - change texture
storing action - change texture
undo action - change texture
storing action - change texture
storing action - change texture
storing action - change texture
storing action - change texture
storing action - change texture
undo action - change texture
storing action - change texture
storing action - change texture
storing action - change texture
storing action - change texture
storing action - change texture
storing action - change texture
undo action - change texture
undo action - change texture
storing action - change texture
storing action - change texture
storing action - change texture
storing action - change texture
undo action - change texture
undo action - change texture
undo action - change texture
undo action - change texture
undo action - change texture
undo action - change texture
storing action - change texture
storing action - change texture
storing action - change texture
storing action - change texture
undo action - change texture
undo action - change texture
storing action - change texture
undo action - change texture
storing action - change texture
undo action - change texture
storing action - change texture
undo action - change texture
storing action - change texture
storing action - change texture
storing action - change texture
storing action - change texture
undo action - change texture
storing action - change texture
undo action - change texture
storing action - change texture
undo action - change texture
storing action - change texture
storing action - change texture
storing action - change texture
storing action - change texture
storing action - change texture
storing action - change texture
storing action - change texture
storing action - change texture
undo action - change texture
storing action - change texture
storing action - change texture
storing action - change texture
undo action - change texture
storing action - change texture
storing action - change texture
storing action - change texture
storing action - change texture
undo action - change texture
undo action - change texture
storing action - change texture
storing action - change texture
storing action - change texture
storing action - change texture
storing action - change texture
storing action - change texture
storing action - change texture
storing action - change texture
storing action - change texture
storing action - change texture
storing action - change texture
storing action - change texture
storing action - change texture
storing action - change texture
storing action - change texture
storing action - change texture
undo action - change texture
undo action - change texture
storing action - change texture
storing action - change texture
storing action - change texture
storing action - change texture
storing action - change texture
undo action - change texture
storing action - change texture
storing action - change texture
storing action - change texture
storing action - change texture
undo action - change texture
undo action - change texture
undo action - change texture
storing action - change texture
storing action - change texture
storing action - change texture
undo action - change texture
storing action - change texture
storing action - change texture
storing action - change texture
storing action - change texture
storing action - change texture
storing action - change texture
storing action - change texture
storing action - change texture
undo action - change texture
storing action - change texture
storing action - change texture
storing action - change texture
storing action - change texture
storing action - change texture
storing action - change texture
storing action - change texture
storing action - change texture
storing action - change texture
saving backup
/backups/20260506_124406_Box.txt written
storing action - change texture
undo action - change texture
storing action - change texture
storing action - change texture
storing action - change texture
storing action - change texture
storing action - change texture
storing action - change texture
storing action - change texture
storing action - change texture
Box.txt written
saving settings
exporting model to gltf
 writing Box.bin
 writing Box.gltf
exporting png: Box.png
opening folder: /Users/pedrovictor/Library/Application Support/picocad2/
project loaded: Dead-Tree.txt
saving settings
setting up modeling mode
saving settings
saving settings
Dead-Tree_Special.txt written
saving settings
setting up texturing mode
setting up modeling mode
storing action - add node [cube]
storing action - move node
storing action - move vertices
storing action - move vertices
storing action - move vertices
storing action - move vertices
storing action - move node
storing action - move vertices
storing action - move vertices
storing action - move vertices
storing action - move node
storing action - move node
storing action - move vertices
storing action - move vertices
storing action - move vertices
storing action - move vertices
storing action - move vertices
storing action - move node
storing action - move vertices
storing action - move vertices
storing action - move node
storing action - move vertices
storing action - move vertices
storing action - move vertices
storing action - move vertices
storing action - move vertices
storing action - move node
storing action - rotate mesh
storing action - rotate mesh
storing action - move node
storing action - move node
storing action - move node
storing action - rotate mesh
storing action - move node
storing action - move vertices
undo action - move vertices
undo action - move node
storing action - move node
storing action - move vertices
storing action - move vertices
storing action - move vertices
storing action - move vertices
storing action - move vertices
storing action - move vertices
storing action - move vertices
storing action - move vertices
storing action - move vertices
storing action - move vertices
storing action - move vertices
storing action - move vertices
storing action - move vertices
storing action - move vertices
storing action - move vertices
storing action - move vertices
storing action - move vertices
storing action - move vertices
storing action - move vertices
storing action - move vertices
storing action - move vertices
storing action - move vertices
storing action - move vertices
storing action - move vertices
storing action - move vertices
storing action - move vertices
storing action - move vertices
storing action - move vertices
undo action - move vertices
undo action - move vertices
undo action - move vertices
undo action - move vertices
undo action - move vertices
undo action - move vertices
undo action - move vertices
undo action - move vertices
undo action - move vertices
undo action - move vertices
storing action - move vertices
storing action - move vertices
storing action - move vertices
storing action - move vertices
storing action - move vertices
storing action - move vertices
storing action - move vertices
storing action - move vertices
storing action - move vertices
undo action - move vertices
storing action - move vertices
storing action - move vertices
undo action - move vertices
undo action - move vertices
storing action - move vertices
storing action - move vertices
storing action - move vertices
storing action - move vertices
storing action - move vertices
storing action - move node
storing action - move node
storing action - move node
storing action - move vertices
storing action - move vertices
storing action - move vertices
storing action - move vertices
storing action - move vertices
storing action - move vertices
storing action - move vertices
storing action - move vertices
storing action - move vertices
storing action - move vertices
storing action - move vertices
storing action - move vertices
storing action - move vertices
storing action - move vertices
storing action - move vertices
storing action - move vertices
storing action - move vertices
storing action - move vertices
storing action - move vertices
storing action - move vertices
storing action - move vertices
storing action - move vertices
storing action - move vertices
storing action - move vertices
storing action - move vertices
storing action - move vertices
storing action - move vertices
storing action - move vertices
storing action - move vertices
storing action - move vertices
storing action - move vertices
storing action - move vertices
storing action - move vertices
storing action - move vertices
storing action - move vertices
storing action - move vertices
storing action - move vertices
storing action - move vertices
storing action - move vertices
storing action - move vertices
storing action - move vertices
storing action - move vertices
storing action - move vertices
storing action - move node
storing action - move node
undo action - move node
storing action - move node
storing action - move vertices
storing action - move vertices
storing action - move node
undo action - move node
storing action - move node
storing action - move vertices
storing action - move vertices
storing action - move node
storing action - move vertices
storing action - move vertices
storing action - move vertices
storing action - move vertices
storing action - move vertices
storing action - move vertices
storing action - move vertices
storing action - move vertices
storing action - move vertices
storing action - move vertices
storing action - move vertices
storing action - move vertices
storing action - move vertices
storing action - move vertices
storing action - move vertices
storing action - move vertices
storing action - move vertices
storing action - move vertices
storing action - move vertices
storing action - move vertices
storing action - move vertices
storing action - move vertices
storing action - move vertices
storing action - move vertices
storing action - move node
storing action - move node
storing action - move node
storing action - delete face
storing action - move node
storing action - delete mesh
storing action - move vertices
storing action - delete mesh
storing action - delete mesh
storing action - move node
storing action - move node
storing action - move node
storing action - delete mesh
storing action - delete mesh
storing action - delete mesh
setting up texturing mode
storing action - change texture
undo action - change texture
storing action - change texture
storing action - change texture
storing action - change texture
storing action - change texture
undo action - change texture
undo action - change texture
storing action - change texture
storing action - change texture
storing action - change texture
storing action - change texture
storing action - change texture
storing action - change texture
storing action - change texture
storing action - change texture
storing action - change texture
storing action - change texture
storing action - change texture
storing action - change texture
storing action - change texture
undo action - change texture
undo action - change texture
storing action - change texture
storing action - change texture
storing action - change texture
storing action - change texture
storing action - change texture
storing action - change texture
storing action - change texture
storing action - change texture
storing action - change texture
undo action - change texture
storing action - change texture
storing action - change texture
storing action - change texture
undo action - change texture
storing action - change texture
undo action - change texture
saving backup
/backups/20260506_125932_Dead-Tree_Special.txt written
storing action - change texture
storing action - change texture
setting up modeling mode
setting up texturing mode
storing action - change texture
storing action - change texture
storing action - change texture
storing action - change texture
storing action - change texture
storing action - change texture
storing action - change texture
storing action - change texture
storing action - change texture
storing action - change texture
undo action - change texture
undo action - change texture
storing action - change texture
storing action - change texture
storing action - change texture
undo action - change texture
storing action - change texture
storing action - change texture
storing action - change texture
storing action - change texture
storing action - change texture
storing action - change texture
storing action - change texture
storing action - change texture
storing action - change texture
storing action - change texture
storing action - change texture
storing action - change texture
storing action - change texture
storing action - change texture
storing action - change texture
storing action - change texture
storing action - change texture
storing action - change texture
storing action - change texture
storing action - change texture
storing action - change texture
storing action - change texture
storing action - change texture
storing action - change texture
setting up modeling mode
setting up texturing mode
storing action - change texture
storing action - change texture
storing action - change texture
undo action - change texture
storing action - change texture
storing action - change texture
storing action - change texture
storing action - change texture
undo action - change texture
storing action - change texture
storing action - change texture
storing action - change texture
undo action - change texture
storing action - change texture
storing action - change texture
storing action - change texture
storing action - change texture
storing action - change texture
undo action - change texture
undo action - change texture
undo action - change texture
undo action - change texture
storing action - change texture
storing action - change texture
storing action - change texture
storing action - change texture
storing action - change texture
storing action - change texture
storing action - change texture
storing action - change texture
storing action - change texture
storing action - change texture
storing action - change texture
storing action - change texture
undo action - change texture
storing action - change texture
storing action - change texture
storing action - change texture
storing action - change texture
storing action - change texture
storing action - change texture
storing action - change texture
storing action - change texture
storing action - change texture
storing action - change texture
storing action - change texture
setting up modeling mode
storing action - add node [hex.prism]
setting up texturing mode
storing action - change texture
storing action - change texture
storing action - change texture
storing action - change texture
storing action - change texture
storing action - change texture
storing action - change texture
storing action - change texture
setting up modeling mode
storing action - move node
undo action - move node
storing action - move node
storing action - move node
storing action - move node
storing action - move node
storing action - move node
storing action - move node
storing action - move node
storing action - duplicate mesh
storing action - move node
storing action - move node
storing action - move node
storing action - move node
undo action - move node
storing action - rotate mesh
storing action - move node
storing action - rotate mesh
storing action - move node
storing action - move node
storing action - move node
storing action - move vertices
undo action - move vertices
storing action - move node
storing action - move node
storing action - move node
storing action - rotate mesh
storing action - move node
storing action - rotate mesh
storing action - move node
storing action - duplicate mesh
storing action - scale mesh
storing action - move node
storing action - duplicate mesh
storing action - move node
storing action - move vertices
undo action - move vertices
storing action - rotate mesh
storing action - move node
storing action - move node
storing action - move node
storing action - move node
storing action - move node
storing action - rotate mesh
storing action - move node
setting up texturing mode
storing action - move uvs
saving backup
/backups/20260506_130932_Dead-Tree_Special.txt written
storing action - change texture
undo action - change texture
storing action - change texture
storing action - change texture
undo action - change texture
storing action - change texture
storing action - change texture
storing action - change texture
storing action - change texture
storing action - change texture
storing action - change texture
storing action - change texture
storing action - change texture
storing action - change texture
storing action - change texture
storing action - move uvs
storing action - move uvs
storing action - move uvs
Dead-Tree_Special.txt written
saving settings
setting up modeling mode
storing action - move node
storing action - move vertices
undo action - move vertices
storing action - move node
storing action - move node
storing action - move node
storing action - move node
storing action - move node
undo action - move node
storing action - move node
storing action - move node
storing action - move node
exporting model to gltf
 writing Dead-Tree_Special.bin
 writing Dead-Tree_Special.gltf
exporting png: Dead-Tree_Special.png
opening folder: /Users/pedrovictor/Library/Application Support/picocad2/
exporting model to gltf
 writing Dead-Tree_Special.bin
 writing Dead-Tree_Special.gltf
exporting png: Dead-Tree_Special.png
opening folder: /Users/pedrovictor/Library/Application Support/picocad2/
Dead-Tree_Special.txt written
saving settings
project loaded: unnamed_4.txt
saving settings
setting up modeling mode
saving settings
project loaded: unnamed_6.txt
saving settings
setting up modeling mode
saving settings
exporting model to gltf
 writing unnamed_6.bin
 writing unnamed_6.gltf
exporting png: unnamed_6.png
opening folder: /Users/pedrovictor/Library/Application Support/picocad2/
saving settings
bee.txt written
saving settings
exporting model to gltf
 writing bee.bin
 writing bee.gltf
exporting png: bee.png
opening folder: /Users/pedrovictor/Library/Application Support/picocad2/
