
SKROVET VERSION 0.2.1
----------------------------------------------------
love2d version: Version 11.4.0 - Mysterious Mysteries
timestamp: 2026-04-30 22:57:00
OS: OS X
processor count: 8
power: charging 94%
----------------------------------------------------
id: picocad2
version 2.0.9, build 73
----------------------------------------------------
initializing debug
initializing graphics
loaded 32 colors from skrovet/assets/rom/palette_pico8.png
initializing sprites
extracted 256 sprites from skrovet/assets/rom/spritesheet_skrovet.png
Could not open file: skrovet_tilemap.txt
Trying internal file system...
Could not load internal file: skrovet_tilemap.txt
initializing text
loading skrovet/assets/rom/fonts/Skrovet-Thin.png
loading skrovet/assets/rom/fonts/Skrovet-Mono.png
loading skrovet/assets/rom/fonts/Skrovet-Regular.png
loading skrovet/assets/rom/fonts/Skrovet-Small.png
loading skrovet/assets/rom/fonts/Skrovet-Retro.png
loading skrovet/assets/rom/fonts/Skrovet-Tiny.png
initializing input
initializing gui
setting UI theme to skrovet_default
 loading theme details from skrovet/assets/rom/themes/skrovet_default.json
 loading sprites from skrovet/assets/rom/themes/skrovet_default.png
extracted 256 sprites from skrovet/assets/rom/themes/skrovet_default.png
skrovet initialization complete
----------------------------------------------------

picoCAD 2 starting up (2.0.9)
loading settings
saving settings
checking folders
 backups folder created
 examples folder created
 .picocad folder created
initializing gifcat
 gifcatlib.so found on disk
 gifcatlib.so found in data files
 gifcatlib.so copied from data files to disk
loading themes
setting UI theme to classic
 loading theme details from assets/themes/classic.json
 loading sprites from assets/themes/classic.png
extracted 512 sprites from assets/themes/classic.png
theme classic set
extracted 256 sprites from assets/sprites.png
Creating main window
setting up modeling mode
loading texture: .picocad/default_texture.png
setting default export settings
loading texture: .picocad/default_texture.png
setting default export settings
storing action - add node [pent.prism]
undo action - add node [pent.prism]
storing action - add node [hex.prism]
storing action - move vertices
storing action - move vertices
storing action - move vertices
storing action - move vertices
storing action - move vertices
storing action - move vertices
storing action - move vertices
storing action - move vertices
storing action - move vertices
storing action - move vertices
storing action - move vertices
storing action - move vertices
storing action - duplicate mesh
storing action - move vertices
storing action - move vertices
storing action - delete mesh
storing action - duplicate mesh
storing action - move node
storing action - move vertices
storing action - move vertices
storing action - move vertices
storing action - move vertices
storing action - move vertices
storing action - move vertices
storing action - move vertices
storing action - move vertices
undo action - move vertices
storing action - move node
storing action - move node
storing action - move vertices
storing action - move vertices
storing action - move vertices
storing action - move vertices
storing action - move node
storing action - move vertices
undo action - move vertices
storing action - move node
storing action - move vertices
storing action - duplicate mesh
storing action - move node
storing action - move vertices
storing action - move vertices
storing action - move vertices
storing action - move vertices
storing action - move vertices
storing action - move node
storing action - move vertices
storing action - add node [hex.prism]
storing action - move node
storing action - move node
storing action - move vertices
storing action - move vertices
storing action - move vertices
storing action - move vertices
storing action - move vertices
storing action - move vertices
storing action - move vertices
storing action - move vertices
storing action - move vertices
storing action - move node
storing action - move node
storing action - duplicate mesh
storing action - move node
undo action - move node
storing action - move node
storing action - move node
storing action - duplicate mesh
storing action - move node
storing action - duplicate mesh
storing action - move node
storing action - move node
storing action - move node
storing action - move node
storing action - move node
storing action - move vertices
storing action - move vertices
storing action - move vertices
storing action - move vertices
storing action - move vertices
storing action - move vertices
storing action - move node
storing action - move vertices
storing action - move vertices
storing action - move vertices
storing action - move vertices
storing action - move node
storing action - rotate mesh
undo action - rotate mesh
storing action - rotate mesh
storing action - move vertices
storing action - move vertices
setting up texturing mode
storing action - change texture
storing action - change texture
storing action - change texture
storing action - change texture
storing action - change texture
storing action - change texture
storing action - change texture
storing action - change texture
storing action - move uvs
storing action - move uvs
storing action - move uvs
storing action - move uvs
storing action - move uvs
storing action - move uvs
storing action - move uvs
storing action - move uvs
storing action - move uvs
storing action - move uvs
storing action - move uvs
storing action - move uvs
storing action - move uvs
storing action - move uvs
storing action - move uvs
storing action - move uvs
storing action - move uvs
storing action - move uvs
storing action - move uvs
storing action - move uvs
storing action - move uvs
storing action - move uvs
storing action - move uvs
storing action - move uvs
storing action - change texture
storing action - change texture
storing action - move uvs
storing action - move uvs
storing action - move uvs
storing action - move uvs
saving backup
/backups/20260501_130142_unnamed_7.txt written
storing action - change texture
undo action - change texture
storing action - change texture
storing action - change texture
storing action - move uvs
storing action - change texture
storing action - change texture
storing action - change texture
undo action - change texture
storing action - change texture
undo action - change texture
storing action - change texture
storing action - change texture
storing action - change texture
storing action - change texture
storing action - change texture
storing action - change texture
storing action - change texture
storing action - change texture
storing action - change texture
storing action - change texture
storing action - change texture
storing action - change texture
storing action - move uvs
storing action - change texture
storing action - change texture
storing action - change texture
storing action - change texture
undo action - change texture
undo action - change texture
storing action - change texture
storing action - change texture
storing action - change texture
storing action - change texture
undo action - change texture
storing action - change texture
storing action - change texture
storing action - change texture
storing action - change texture
storing action - change texture
storing action - change texture
storing action - change texture
storing action - change texture
storing action - change texture
storing action - change texture
undo action - change texture
undo action - change texture
undo action - change texture
undo action - change texture
undo action - change texture
undo action - change texture
undo action - change texture
undo action - change texture
undo action - change texture
storing action - change texture
storing action - change texture
storing action - change texture
storing action - move uvs
storing action - change texture
storing action - change texture
storing action - change texture
storing action - change texture
storing action - change texture
storing action - change texture
storing action - change texture
storing action - change texture
storing action - change texture
storing action - move uvs
storing action - change texture
storing action - change texture
storing action - change texture
storing action - change texture
storing action - change texture
storing action - change texture
storing action - change texture
storing action - move uvs
storing action - change texture
storing action - change texture
undo action - change texture
storing action - change texture
undo action - change texture
storing action - change texture
undo action - change texture
storing action - change texture
undo action - change texture
storing action - change texture
undo action - change texture
storing action - change texture
storing action - change texture
undo action - change texture
storing action - change texture
storing action - change texture
storing action - change texture
storing action - change texture
storing action - change texture
storing action - change texture
undo action - change texture
storing action - change texture
storing action - change texture
storing action - change texture
storing action - move uvs
storing action - move uvs
storing action - move uvs
storing action - change texture
storing action - change texture
storing action - change texture
storing action - change texture
storing action - change texture
storing action - change texture
storing action - change texture
storing action - change texture
storing action - change texture
storing action - change texture
storing action - change texture
storing action - change texture
storing action - change texture
storing action - change texture
undo action - change texture
storing action - change texture
storing action - change texture
storing action - change texture
undo action - change texture
saving backup
/backups/20260501_131214_unnamed_7.txt written
storing action - change texture
storing action - change texture
storing action - change texture
storing action - change texture
storing action - change texture
storing action - change texture
storing action - change texture
storing action - change texture
storing action - change texture
storing action - change texture
storing action - change texture
storing action - change texture
setting up modeling mode
storing action - rotate mesh
storing action - rotate mesh
storing action - move node
undo action - move node
storing action - move node
storing action - move node
storing action - rotate mesh
storing action - move node
setting up texturing mode
setting up modeling mode
storing action - change prop [background_color]
storing action - change prop [background_color]
storing action - change prop [background_color]
storing action - change prop [background_color]
setting up texturing mode
storing action - change texture
storing action - change texture
storing action - change texture
storing action - change texture
storing action - move uvs
setting up modeling mode
setting up texturing mode
storing action - change texture
storing action - change texture
storing action - change texture
storing action - change texture
storing action - change texture
storing action - change texture
storing action - change texture
storing action - change texture
storing action - change texture
storing action - change texture
undo action - change texture
storing action - change texture
storing action - change texture
storing action - change texture
setting up modeling mode
setting up texturing mode
storing action - change texture
storing action - change texture
storing action - change texture
undo action - change texture
storing action - change texture
storing action - change texture
storing action - change texture
storing action - change texture
storing action - change texture
storing action - change texture
storing action - change texture
storing action - change texture
storing action - change texture
storing action - change texture
storing action - change texture
storing action - change texture
storing action - change texture
storing action - change texture
storing action - change texture
storing action - change texture
storing action - change texture
storing action - change texture
storing action - change texture
storing action - change texture
storing action - change texture
storing action - change texture
undo action - change texture
storing action - change texture
storing action - change texture
saving backup
/backups/20260501_132357_unnamed_7.txt written
storing action - change texture
undo action - change texture
storing action - change texture
undo action - change texture
storing action - change texture
storing action - change texture
storing action - change texture
undo action - change texture
storing action - change texture
storing action - change texture
storing action - change texture
storing action - change texture
storing action - change texture
storing action - move uvs
storing action - move uvs
storing action - move uvs
storing action - move uvs
storing action - move uvs
storing action - move uvs
unnamed_7.txt written
saving settings
setting up modeling mode
storing action - move node
undo action - move node
storing action - move vertices
storing action - move vertices
storing action - move vertices
setting up texturing mode
storing action - change texture
undo action - change texture
storing action - change texture
undo action - change texture
storing action - change texture
storing action - change texture
undo action - change texture
undo action - change texture
storing action - change texture
undo action - change texture
storing action - change texture
storing action - change texture
storing action - change texture
storing action - change texture
storing action - change texture
storing action - change texture
storing action - change texture
undo action - change texture
storing action - change texture
undo action - change texture
storing action - change texture
storing action - change texture
storing action - change texture
storing action - change texture
storing action - change texture
storing action - change texture
storing action - change texture
undo action - change texture
storing action - change texture
undo action - change texture
storing action - change texture
storing action - change texture
undo action - change texture
storing action - change texture
storing action - change texture
storing action - change texture
storing action - change texture
setting up modeling mode
setting up texturing mode
storing action - move uvs
storing action - move uvs
setting up modeling mode
unnamed_7.txt written
saving settings
exporting model to gltf
 writing unnamed_7.bin
 writing unnamed_7.gltf
exporting png: unnamed_7.png
opening folder: /Users/pedrovictor/Library/Application Support/picocad2/
